2020-07-21 18:23:01,445 INFO org.springframework.boot.StartupInfoLogger [main] Starting TestNewRestControllers on nikos with PID 53669 (started by nikos in /media/nikos/LENOVO/backup2/nikos/NetBeansProjects/session-mng)
2020-07-21 18:23:01,449 INFO org.springframework.boot.SpringApplication [main] The following profiles are active: test
2020-07-21 18:23:01,484 INFO org.springframework.context.support.AbstractApplicationContext [main] Refreshing org.springframework.web.context.support.GenericWebApplicationContext@467f77a5: startup date [Tue Jul 21 18:23:01 EEST 2020]; root of context hierarchy
2020-07-21 18:23:03,696 INFO org.springframework.beans.factory.support.DefaultListableBeanFactory [main] Overriding bean definition for bean 'cacheManager' with a different definition: replacing [Root bean: class [null]; scope=; abstract=false; lazyInit=false; autowireMode=3; dependencyCheck=0; autowireCandidate=true; primary=false; factoryBeanName=memCacheConfig; factoryMethodName=cacheManager; initMethodName=null; destroyMethodName=(inferred); defined in class path resource [eu/esmo/sessionmng/MemCacheConfig.class]] with [Root bean: class [null]; scope=; abstract=false; lazyInit=false; autowireMode=3; dependencyCheck=0; autowireCandidate=true; primary=true; factoryBeanName=testMemCacheConfig; factoryMethodName=cacheManager; initMethodName=null; destroyMethodName=(inferred); defined in class path resource [eu/esmo/sessionmng/TestMemCacheConfig.class]]
2020-07-21 18:23:05,497 INFO org.springframework.context.support.PostProcessorRegistrationDelegate$BeanPostProcessorChecker [main] Bean 'org.springframework.transaction.annotation.ProxyTransactionManagementConfiguration' of type [org.springframework.transaction.annotation.ProxyTransactionManagementConfiguration$$EnhancerBySpringCGLIB$$622aa8b2] is not eligible for getting processed by all BeanPostProcessors (for example: not eligible for auto-proxying)
2020-07-21 18:23:05,835 INFO com.zaxxer.hikari.HikariDataSource [main] HikariPool-1 - Starting...
2020-07-21 18:23:06,208 INFO com.zaxxer.hikari.HikariDataSource [main] HikariPool-1 - Start completed.
2020-07-21 18:23:06,230 INFO org.springframework.jdbc.datasource.init.ScriptUtils [main] Executing SQL script from URL [file:/media/nikos/LENOVO/backup2/nikos/NetBeansProjects/session-mng/target/classes/schema.sql]
2020-07-21 18:23:06,241 INFO org.springframework.jdbc.datasource.init.ScriptUtils [main] Executed SQL script from URL [file:/media/nikos/LENOVO/backup2/nikos/NetBeansProjects/session-mng/target/classes/schema.sql] in 11 ms.
2020-07-21 18:23:06,250 INFO org.springframework.jdbc.datasource.init.ScriptUtils [main] Executing SQL script from URL [file:/media/nikos/LENOVO/backup2/nikos/NetBeansProjects/session-mng/target/classes/data.sql]
2020-07-21 18:23:06,270 INFO org.springframework.jdbc.datasource.init.ScriptUtils [main] Executed SQL script from URL [file:/media/nikos/LENOVO/backup2/nikos/NetBeansProjects/session-mng/target/classes/data.sql] in 19 ms.
2020-07-21 18:23:06,568 INFO org.springframework.orm.jpa.LocalContainerEntityManagerFactoryBean [main] Building JPA container EntityManagerFactory for persistence unit 'default'
2020-07-21 18:23:06,594 INFO org.hibernate.jpa.internal.util.LogHelper [main] HHH000204: Processing PersistenceUnitInfo [
	name: default
	...]
2020-07-21 18:23:06,743 INFO org.hibernate.Version [main] HHH000412: Hibernate Core {5.2.17.Final}
2020-07-21 18:23:06,747 INFO org.hibernate.cfg.Environment [main] HHH000206: hibernate.properties not found
2020-07-21 18:23:06,831 INFO org.hibernate.annotations.common.reflection.java.JavaReflectionManager [main] HCANN000001: Hibernate Commons Annotations {5.0.1.Final}
2020-07-21 18:23:07,200 INFO org.hibernate.dialect.Dialect [main] HHH000400: Using dialect: org.hibernate.dialect.H2Dialect
2020-07-21 18:23:08,712 INFO org.hibernate.tool.schema.internal.SchemaCreatorImpl [main] HHH000476: Executing import script 'org.hibernate.tool.schema.internal.exec.ScriptSourceInputNonExistentImpl@3c116f26'
2020-07-21 18:23:08,719 INFO org.springframework.orm.jpa.AbstractEntityManagerFactoryBean [main] Initialized JPA EntityManagerFactory for persistence unit 'default'
2020-07-21 18:23:10,439 INFO org.hibernate.hql.internal.QueryTranslatorFactoryInitiator [main] HHH000397: Using ASTQueryTranslatorFactory
2020-07-21 18:23:10,765 ERROR eu.esmo.sessionmng.service.impl.SessionServiceImpl [main] null
2020-07-21 18:23:10,832 INFO eu.esmo.sessionmng.TestMemCacheConfig [main] injecting TEST CACHE MANAGER
2020-07-21 18:23:11,086 INFO com.google.code.ssm.config.DefaultAddressProvider [main] Defined values 127.0.0.1:11111 will be used as memcached addresses
2020-07-21 18:23:11,190 INFO com.google.code.ssm.config.DefaultAddressProvider [main] Defined values 127.0.0.1:11111 will be used as memcached addresses
2020-07-21 18:23:11,878 WARN org.springframework.boot.autoconfigure.orm.jpa.JpaBaseConfiguration$JpaWebConfiguration$JpaWebMvcConfiguration [main] spring.jpa.open-in-view is enabled by default. Therefore, database queries may be performed during view rendering. Explicitly configure spring.jpa.open-in-view to disable this warning
2020-07-21 18:23:12,024 INFO org.springframework.web.servlet.handler.AbstractHandlerMethodMapping$MappingRegistry [main] Mapped "{[/fakeSm/startSession],methods=[POST],consumes=[application/x-www-form-urlencoded],produces=[application/json]}" onto public eu.esmo.sessionmng.pojo.SessionMngrResponse eu.esmo.sessionmng.controllers.FakeRestControllers.startSession()
2020-07-21 18:23:12,027 INFO org.springframework.web.servlet.handler.AbstractHandlerMethodMapping$MappingRegistry [main] Mapped "{[/fakeSm/getSessionData],methods=[GET],produces=[application/json]}" onto public eu.esmo.sessionmng.pojo.SessionMngrResponse eu.esmo.sessionmng.controllers.FakeRestControllers.getSessionData(java.lang.String,java.lang.String)
2020-07-21 18:23:12,030 INFO org.springframework.web.servlet.handler.AbstractHandlerMethodMapping$MappingRegistry [main] Mapped "{[/fakeSm/endSession],methods=[DELETE || GET],produces=[application/json]}" onto public eu.esmo.sessionmng.pojo.SessionMngrResponse eu.esmo.sessionmng.controllers.FakeRestControllers.endSession(java.lang.String)
2020-07-21 18:23:12,032 INFO org.springframework.web.servlet.handler.AbstractHandlerMethodMapping$MappingRegistry [main] Mapped "{[/fakeSm/updateSessionData],methods=[POST],consumes=[application/json],produces=[application/json]}" onto public eu.esmo.sessionmng.pojo.SessionMngrResponse eu.esmo.sessionmng.controllers.FakeRestControllers.updateSessionData(eu.esmo.sessionmng.pojo.UpdateDataRequest,javax.servlet.http.HttpServletRequest)
2020-07-21 18:23:12,034 INFO org.springframework.web.servlet.handler.AbstractHandlerMethodMapping$MappingRegistry [main] Mapped "{[/fakeSm/generateToken],methods=[GET],produces=[application/json]}" onto public eu.esmo.sessionmng.pojo.SessionMngrResponse eu.esmo.sessionmng.controllers.FakeRestControllers.generateToken(java.lang.String,java.lang.String,java.lang.String,java.lang.String)
2020-07-21 18:23:12,036 INFO org.springframework.web.servlet.handler.AbstractHandlerMethodMapping$MappingRegistry [main] Mapped "{[/fakeSm/validateToken],methods=[GET],produces=[application/json]}" onto public eu.esmo.sessionmng.pojo.SessionMngrResponse eu.esmo.sessionmng.controllers.FakeRestControllers.validateToken(java.lang.String,javax.servlet.http.HttpServletRequest)
2020-07-21 18:23:12,038 INFO org.springframework.web.servlet.handler.AbstractHandlerMethodMapping$MappingRegistry [main] Mapped "{[/fakeSm/getSession],methods=[GET],produces=[application/json]}" onto public eu.esmo.sessionmng.pojo.SessionMngrResponse eu.esmo.sessionmng.controllers.FakeRestControllers.getSessionFromIdPUUUID(java.lang.String,java.lang.String)
2020-07-21 18:23:12,040 INFO org.springframework.web.servlet.handler.AbstractHandlerMethodMapping$MappingRegistry [main] Mapped "{[/loglevel/{loglevel}],methods=[POST]}" onto public java.lang.String eu.esmo.sessionmng.controllers.LoggerControllers.loglevel(java.lang.String,java.lang.String) throws java.lang.Exception
2020-07-21 18:23:12,046 INFO org.springframework.web.servlet.handler.AbstractHandlerMethodMapping$MappingRegistry [main] Mapped "{[/sm/new/add],methods=[POST],consumes=[application/json],produces=[application/json]}" onto public eu.esmo.sessionmng.pojo.SessionMngrResponse eu.esmo.sessionmng.controllers.NewAPIRest.add(eu.esmo.sessionmng.pojo.NewUpdateDataRequest,javax.servlet.http.HttpServletRequest)
2020-07-21 18:23:12,048 INFO org.springframework.web.servlet.handler.AbstractHandlerMethodMapping$MappingRegistry [main] Mapped "{[/sm/new/delete],methods=[POST],produces=[application/json]}" onto public eu.esmo.sessionmng.pojo.SessionMngrResponse eu.esmo.sessionmng.controllers.NewAPIRest.delete(eu.esmo.sessionmng.pojo.NewUpdateDataRequest)
2020-07-21 18:23:12,050 INFO org.springframework.web.servlet.handler.AbstractHandlerMethodMapping$MappingRegistry [main] Mapped "{[/sm/new/startSession],methods=[POST],consumes=[application/x-www-form-urlencoded],produces=[application/json]}" onto public eu.esmo.sessionmng.pojo.SessionMngrResponse eu.esmo.sessionmng.controllers.NewAPIRest.startSession(java.lang.String)
2020-07-21 18:23:12,052 INFO org.springframework.web.servlet.handler.AbstractHandlerMethodMapping$MappingRegistry [main] Mapped "{[/sm/new/get],methods=[GET],produces=[application/json]}" onto public eu.esmo.sessionmng.pojo.SessionMngrResponse eu.esmo.sessionmng.controllers.NewAPIRest.getSessionData(java.lang.String,java.lang.String)
2020-07-21 18:23:12,054 INFO org.springframework.web.servlet.handler.AbstractHandlerMethodMapping$MappingRegistry [main] Mapped "{[/sm/new/search],methods=[GET],produces=[application/json]}" onto public eu.esmo.sessionmng.pojo.SessionMngrResponse eu.esmo.sessionmng.controllers.NewAPIRest.searchData(java.lang.String,java.lang.String)
2020-07-21 18:23:12,058 INFO org.springframework.web.servlet.handler.AbstractHandlerMethodMapping$MappingRegistry [main] Mapped "{[/sm/startSession],methods=[POST],consumes=[application/x-www-form-urlencoded],produces=[application/json]}" onto public eu.esmo.sessionmng.pojo.SessionMngrResponse eu.esmo.sessionmng.controllers.RestControllers.startSession()
2020-07-21 18:23:12,060 INFO org.springframework.web.servlet.handler.AbstractHandlerMethodMapping$MappingRegistry [main] Mapped "{[/sm/getSessionData],methods=[GET],produces=[application/json]}" onto public eu.esmo.sessionmng.pojo.SessionMngrResponse eu.esmo.sessionmng.controllers.RestControllers.getSessionData(java.lang.String,java.lang.String)
2020-07-21 18:23:12,061 INFO org.springframework.web.servlet.handler.AbstractHandlerMethodMapping$MappingRegistry [main] Mapped "{[/sm/endSession],methods=[DELETE || GET],produces=[application/json]}" onto public eu.esmo.sessionmng.pojo.SessionMngrResponse eu.esmo.sessionmng.controllers.RestControllers.endSession(java.lang.String)
2020-07-21 18:23:12,063 INFO org.springframework.web.servlet.handler.AbstractHandlerMethodMapping$MappingRegistry [main] Mapped "{[/sm/updateSessionData],methods=[POST],consumes=[application/json],produces=[application/json]}" onto public eu.esmo.sessionmng.pojo.SessionMngrResponse eu.esmo.sessionmng.controllers.RestControllers.updateSessionData(eu.esmo.sessionmng.pojo.UpdateDataRequest,javax.servlet.http.HttpServletRequest)
2020-07-21 18:23:12,064 INFO org.springframework.web.servlet.handler.AbstractHandlerMethodMapping$MappingRegistry [main] Mapped "{[/sm/generateToken],methods=[GET],produces=[application/json]}" onto public eu.esmo.sessionmng.pojo.SessionMngrResponse eu.esmo.sessionmng.controllers.RestControllers.generateToken(java.lang.String,java.lang.String,java.lang.String,java.lang.String)
2020-07-21 18:23:12,065 INFO org.springframework.web.servlet.handler.AbstractHandlerMethodMapping$MappingRegistry [main] Mapped "{[/sm/validateToken],methods=[GET],produces=[application/json]}" onto public eu.esmo.sessionmng.pojo.SessionMngrResponse eu.esmo.sessionmng.controllers.RestControllers.validateToken(java.lang.String,javax.servlet.http.HttpServletRequest)
2020-07-21 18:23:12,066 INFO org.springframework.web.servlet.handler.AbstractHandlerMethodMapping$MappingRegistry [main] Mapped "{[/sm/getSession],methods=[GET],produces=[application/json]}" onto public eu.esmo.sessionmng.pojo.SessionMngrResponse eu.esmo.sessionmng.controllers.RestControllers.getSessionFromIdPUUUID(java.lang.String,java.lang.String)
2020-07-21 18:23:12,071 INFO org.springframework.web.servlet.handler.AbstractHandlerMethodMapping$MappingRegistry [main] Mapped "{[/swagger-resources/configuration/ui]}" onto public org.springframework.http.ResponseEntity<springfox.documentation.swagger.web.UiConfiguration> springfox.documentation.swagger.web.ApiResourceController.uiConfiguration()
2020-07-21 18:23:12,079 INFO org.springframework.web.servlet.handler.AbstractHandlerMethodMapping$MappingRegistry [main] Mapped "{[/swagger-resources]}" onto public org.springframework.http.ResponseEntity<java.util.List<springfox.documentation.swagger.web.SwaggerResource>> springfox.documentation.swagger.web.ApiResourceController.swaggerResources()
2020-07-21 18:23:12,080 INFO org.springframework.web.servlet.handler.AbstractHandlerMethodMapping$MappingRegistry [main] Mapped "{[/swagger-resources/configuration/security]}" onto public org.springframework.http.ResponseEntity<springfox.documentation.swagger.web.SecurityConfiguration> springfox.documentation.swagger.web.ApiResourceController.securityConfiguration()
2020-07-21 18:23:12,087 INFO org.springframework.web.servlet.handler.AbstractHandlerMethodMapping$MappingRegistry [main] Mapped "{[/error]}" onto public org.springframework.http.ResponseEntity<java.util.Map<java.lang.String, java.lang.Object>> org.springframework.boot.autoconfigure.web.servlet.error.BasicErrorController.error(javax.servlet.http.HttpServletRequest)
2020-07-21 18:23:12,089 INFO org.springframework.web.servlet.handler.AbstractHandlerMethodMapping$MappingRegistry [main] Mapped "{[/error],produces=[text/html]}" onto public org.springframework.web.servlet.ModelAndView org.springframework.boot.autoconfigure.web.servlet.error.BasicErrorController.errorHtml(javax.servlet.http.HttpServletRequest,javax.servlet.http.HttpServletResponse)
2020-07-21 18:23:13,085 INFO springfox.documentation.spring.web.PropertySourcedRequestMappingHandlerMapping [main] Mapped URL path [/v2/api-docs] onto method [public org.springframework.http.ResponseEntity<springfox.documentation.spring.web.json.Json> springfox.documentation.swagger2.web.Swagger2Controller.getDocumentation(java.lang.String,javax.servlet.http.HttpServletRequest)]
2020-07-21 18:23:13,275 INFO org.springframework.web.servlet.handler.AbstractUrlHandlerMapping [main] Mapped URL path [/**/favicon.ico] onto handler of type [class org.springframework.web.servlet.resource.ResourceHttpRequestHandler]
2020-07-21 18:23:13,721 INFO org.springframework.web.servlet.mvc.method.annotation.RequestMappingHandlerAdapter [main] Looking for @ControllerAdvice: org.springframework.web.context.support.GenericWebApplicationContext@467f77a5: startup date [Tue Jul 21 18:23:01 EEST 2020]; root of context hierarchy
2020-07-21 18:23:13,845 INFO org.springframework.web.servlet.handler.AbstractUrlHandlerMapping [main] Mapped URL path [/webjars/**] onto handler of type [class org.springframework.web.servlet.resource.ResourceHttpRequestHandler]
2020-07-21 18:23:13,846 INFO org.springframework.web.servlet.handler.AbstractUrlHandlerMapping [main] Mapped URL path [/**] onto handler of type [class org.springframework.web.servlet.resource.ResourceHttpRequestHandler]
2020-07-21 18:23:14,525 INFO org.springframework.boot.autoconfigure.security.servlet.UserDetailsServiceAutoConfiguration [main] 

Using generated security password: 78144d59-606c-4643-8a8f-d45ce54d1729

2020-07-21 18:23:14,889 INFO org.springframework.security.web.DefaultSecurityFilterChain [main] Creating filter chain: Ant [pattern='/sm/**'], [org.springframework.security.web.context.request.async.WebAsyncManagerIntegrationFilter@490dfe25, org.springframework.security.web.context.SecurityContextPersistenceFilter@6b72c62, org.springframework.security.web.header.HeaderWriterFilter@540ac21e, org.springframework.security.web.authentication.logout.LogoutFilter@1226ba98, eu.esmo.sessionmng.filters.HttpSignatureFilter@7aff1db3, org.springframework.security.web.savedrequest.RequestCacheAwareFilter@7b4b559d, org.springframework.security.web.servletapi.SecurityContextHolderAwareRequestFilter@6030eff1, org.springframework.security.web.authentication.AnonymousAuthenticationFilter@46374b8, org.springframework.security.web.session.SessionManagementFilter@655875bb, org.springframework.security.web.access.ExceptionTranslationFilter@24c7b944]
2020-07-21 18:23:15,138 INFO org.springframework.mock.web.MockServletContext [main] Initializing Spring FrameworkServlet ''
2020-07-21 18:23:15,139 INFO org.springframework.web.servlet.FrameworkServlet [main] FrameworkServlet '': initialization started
2020-07-21 18:23:15,171 INFO org.springframework.web.servlet.FrameworkServlet [main] FrameworkServlet '': initialization completed in 30 ms
2020-07-21 18:23:15,234 INFO org.springframework.context.support.DefaultLifecycleProcessor$LifecycleGroup [main] Starting beans in phase 2147483647
2020-07-21 18:23:15,235 INFO springfox.documentation.spring.web.plugins.DocumentationPluginsBootstrapper [main] Context refreshed
2020-07-21 18:23:15,302 INFO springfox.documentation.spring.web.plugins.DocumentationPluginsBootstrapper [main] Found 1 custom documentation plugin(s)
2020-07-21 18:23:15,373 INFO springfox.documentation.spring.web.scanners.ApiListingReferenceScanner [main] Scanning for api listing references
2020-07-21 18:23:15,747 INFO springfox.documentation.spring.web.readers.operation.CachingOperationNameGenerator [main] Generating unique operation named: getSessionDataUsingGET_1
2020-07-21 18:23:15,755 INFO springfox.documentation.spring.web.readers.operation.CachingOperationNameGenerator [main] Generating unique operation named: startSessionUsingPOST_1
2020-07-21 18:23:15,759 INFO springfox.documentation.spring.web.readers.operation.CachingOperationNameGenerator [main] Generating unique operation named: endSessionUsingDELETE_1
2020-07-21 18:23:15,761 INFO springfox.documentation.spring.web.readers.operation.CachingOperationNameGenerator [main] Generating unique operation named: endSessionUsingGET_1
2020-07-21 18:23:15,768 INFO springfox.documentation.spring.web.readers.operation.CachingOperationNameGenerator [main] Generating unique operation named: generateTokenUsingGET_1
2020-07-21 18:23:15,772 INFO springfox.documentation.spring.web.readers.operation.CachingOperationNameGenerator [main] Generating unique operation named: getSessionDataUsingGET_2
2020-07-21 18:23:15,775 INFO springfox.documentation.spring.web.readers.operation.CachingOperationNameGenerator [main] Generating unique operation named: getSessionFromIdPUUUIDUsingGET_1
2020-07-21 18:23:15,778 INFO springfox.documentation.spring.web.readers.operation.CachingOperationNameGenerator [main] Generating unique operation named: startSessionUsingPOST_2
2020-07-21 18:23:15,781 INFO springfox.documentation.spring.web.readers.operation.CachingOperationNameGenerator [main] Generating unique operation named: updateSessionDataUsingPOST_1
2020-07-21 18:23:15,785 INFO springfox.documentation.spring.web.readers.operation.CachingOperationNameGenerator [main] Generating unique operation named: validateTokenUsingGET_1
2020-07-21 18:23:15,819 INFO org.springframework.boot.StartupInfoLogger [main] Started TestNewRestControllers in 15.353 seconds (JVM running for 18.098)
2020-07-21 18:24:48,871 INFO org.springframework.boot.StartupInfoLogger [main] Starting TestNewRestControllers on nikos with PID 53815 (started by nikos in /media/nikos/LENOVO/backup2/nikos/NetBeansProjects/session-mng)
2020-07-21 18:24:48,873 INFO org.springframework.boot.SpringApplication [main] The following profiles are active: test
2020-07-21 18:24:48,903 INFO org.springframework.context.support.AbstractApplicationContext [main] Refreshing org.springframework.web.context.support.GenericWebApplicationContext@69f1a286: startup date [Tue Jul 21 18:24:48 EEST 2020]; root of context hierarchy
2020-07-21 18:24:50,863 INFO org.springframework.beans.factory.support.DefaultListableBeanFactory [main] Overriding bean definition for bean 'cacheManager' with a different definition: replacing [Root bean: class [null]; scope=; abstract=false; lazyInit=false; autowireMode=3; dependencyCheck=0; autowireCandidate=true; primary=false; factoryBeanName=memCacheConfig; factoryMethodName=cacheManager; initMethodName=null; destroyMethodName=(inferred); defined in class path resource [eu/esmo/sessionmng/MemCacheConfig.class]] with [Root bean: class [null]; scope=; abstract=false; lazyInit=false; autowireMode=3; dependencyCheck=0; autowireCandidate=true; primary=true; factoryBeanName=testMemCacheConfig; factoryMethodName=cacheManager; initMethodName=null; destroyMethodName=(inferred); defined in class path resource [eu/esmo/sessionmng/TestMemCacheConfig.class]]
2020-07-21 18:24:52,043 INFO org.springframework.context.support.PostProcessorRegistrationDelegate$BeanPostProcessorChecker [main] Bean 'org.springframework.transaction.annotation.ProxyTransactionManagementConfiguration' of type [org.springframework.transaction.annotation.ProxyTransactionManagementConfiguration$$EnhancerBySpringCGLIB$$fe46e661] is not eligible for getting processed by all BeanPostProcessors (for example: not eligible for auto-proxying)
2020-07-21 18:24:52,528 INFO com.zaxxer.hikari.HikariDataSource [main] HikariPool-1 - Starting...
2020-07-21 18:24:53,183 INFO com.zaxxer.hikari.HikariDataSource [main] HikariPool-1 - Start completed.
2020-07-21 18:24:53,210 INFO org.springframework.jdbc.datasource.init.ScriptUtils [main] Executing SQL script from URL [file:/media/nikos/LENOVO/backup2/nikos/NetBeansProjects/session-mng/target/classes/schema.sql]
2020-07-21 18:24:53,227 INFO org.springframework.jdbc.datasource.init.ScriptUtils [main] Executed SQL script from URL [file:/media/nikos/LENOVO/backup2/nikos/NetBeansProjects/session-mng/target/classes/schema.sql] in 16 ms.
2020-07-21 18:24:53,248 INFO org.springframework.jdbc.datasource.init.ScriptUtils [main] Executing SQL script from URL [file:/media/nikos/LENOVO/backup2/nikos/NetBeansProjects/session-mng/target/classes/data.sql]
2020-07-21 18:24:53,272 INFO org.springframework.jdbc.datasource.init.ScriptUtils [main] Executed SQL script from URL [file:/media/nikos/LENOVO/backup2/nikos/NetBeansProjects/session-mng/target/classes/data.sql] in 23 ms.
2020-07-21 18:24:53,616 INFO org.springframework.orm.jpa.LocalContainerEntityManagerFactoryBean [main] Building JPA container EntityManagerFactory for persistence unit 'default'
2020-07-21 18:24:53,649 INFO org.hibernate.jpa.internal.util.LogHelper [main] HHH000204: Processing PersistenceUnitInfo [
	name: default
	...]
2020-07-21 18:24:53,805 INFO org.hibernate.Version [main] HHH000412: Hibernate Core {5.2.17.Final}
2020-07-21 18:24:53,807 INFO org.hibernate.cfg.Environment [main] HHH000206: hibernate.properties not found
2020-07-21 18:24:53,870 INFO org.hibernate.annotations.common.reflection.java.JavaReflectionManager [main] HCANN000001: Hibernate Commons Annotations {5.0.1.Final}
2020-07-21 18:24:54,139 INFO org.hibernate.dialect.Dialect [main] HHH000400: Using dialect: org.hibernate.dialect.H2Dialect
2020-07-21 18:24:55,149 INFO org.hibernate.tool.schema.internal.SchemaCreatorImpl [main] HHH000476: Executing import script 'org.hibernate.tool.schema.internal.exec.ScriptSourceInputNonExistentImpl@685d7ba5'
2020-07-21 18:24:55,155 INFO org.springframework.orm.jpa.AbstractEntityManagerFactoryBean [main] Initialized JPA EntityManagerFactory for persistence unit 'default'
2020-07-21 18:24:56,520 INFO org.hibernate.hql.internal.QueryTranslatorFactoryInitiator [main] HHH000397: Using ASTQueryTranslatorFactory
2020-07-21 18:24:56,749 ERROR eu.esmo.sessionmng.service.impl.SessionServiceImpl [main] null
2020-07-21 18:24:56,797 INFO eu.esmo.sessionmng.TestMemCacheConfig [main] injecting TEST CACHE MANAGER
2020-07-21 18:24:56,804 INFO com.google.code.ssm.config.DefaultAddressProvider [main] Defined values 127.0.0.1:11111 will be used as memcached addresses
2020-07-21 18:24:57,028 INFO com.google.code.ssm.config.DefaultAddressProvider [main] Defined values 127.0.0.1:11111 will be used as memcached addresses
2020-07-21 18:24:57,645 WARN org.springframework.boot.autoconfigure.orm.jpa.JpaBaseConfiguration$JpaWebConfiguration$JpaWebMvcConfiguration [main] spring.jpa.open-in-view is enabled by default. Therefore, database queries may be performed during view rendering. Explicitly configure spring.jpa.open-in-view to disable this warning
2020-07-21 18:24:57,798 INFO org.springframework.web.servlet.handler.AbstractHandlerMethodMapping$MappingRegistry [main] Mapped "{[/fakeSm/getSessionData],methods=[GET],produces=[application/json]}" onto public eu.esmo.sessionmng.pojo.SessionMngrResponse eu.esmo.sessionmng.controllers.FakeRestControllers.getSessionData(java.lang.String,java.lang.String)
2020-07-21 18:24:57,802 INFO org.springframework.web.servlet.handler.AbstractHandlerMethodMapping$MappingRegistry [main] Mapped "{[/fakeSm/startSession],methods=[POST],consumes=[application/x-www-form-urlencoded],produces=[application/json]}" onto public eu.esmo.sessionmng.pojo.SessionMngrResponse eu.esmo.sessionmng.controllers.FakeRestControllers.startSession()
2020-07-21 18:24:57,814 INFO org.springframework.web.servlet.handler.AbstractHandlerMethodMapping$MappingRegistry [main] Mapped "{[/fakeSm/endSession],methods=[DELETE || GET],produces=[application/json]}" onto public eu.esmo.sessionmng.pojo.SessionMngrResponse eu.esmo.sessionmng.controllers.FakeRestControllers.endSession(java.lang.String)
2020-07-21 18:24:57,816 INFO org.springframework.web.servlet.handler.AbstractHandlerMethodMapping$MappingRegistry [main] Mapped "{[/fakeSm/updateSessionData],methods=[POST],consumes=[application/json],produces=[application/json]}" onto public eu.esmo.sessionmng.pojo.SessionMngrResponse eu.esmo.sessionmng.controllers.FakeRestControllers.updateSessionData(eu.esmo.sessionmng.pojo.UpdateDataRequest,javax.servlet.http.HttpServletRequest)
2020-07-21 18:24:57,817 INFO org.springframework.web.servlet.handler.AbstractHandlerMethodMapping$MappingRegistry [main] Mapped "{[/fakeSm/generateToken],methods=[GET],produces=[application/json]}" onto public eu.esmo.sessionmng.pojo.SessionMngrResponse eu.esmo.sessionmng.controllers.FakeRestControllers.generateToken(java.lang.String,java.lang.String,java.lang.String,java.lang.String)
2020-07-21 18:24:57,818 INFO org.springframework.web.servlet.handler.AbstractHandlerMethodMapping$MappingRegistry [main] Mapped "{[/fakeSm/validateToken],methods=[GET],produces=[application/json]}" onto public eu.esmo.sessionmng.pojo.SessionMngrResponse eu.esmo.sessionmng.controllers.FakeRestControllers.validateToken(java.lang.String,javax.servlet.http.HttpServletRequest)
2020-07-21 18:24:57,819 INFO org.springframework.web.servlet.handler.AbstractHandlerMethodMapping$MappingRegistry [main] Mapped "{[/fakeSm/getSession],methods=[GET],produces=[application/json]}" onto public eu.esmo.sessionmng.pojo.SessionMngrResponse eu.esmo.sessionmng.controllers.FakeRestControllers.getSessionFromIdPUUUID(java.lang.String,java.lang.String)
2020-07-21 18:24:57,820 INFO org.springframework.web.servlet.handler.AbstractHandlerMethodMapping$MappingRegistry [main] Mapped "{[/loglevel/{loglevel}],methods=[POST]}" onto public java.lang.String eu.esmo.sessionmng.controllers.LoggerControllers.loglevel(java.lang.String,java.lang.String) throws java.lang.Exception
2020-07-21 18:24:57,824 INFO org.springframework.web.servlet.handler.AbstractHandlerMethodMapping$MappingRegistry [main] Mapped "{[/sm/new/add],methods=[POST],consumes=[application/json],produces=[application/json]}" onto public eu.esmo.sessionmng.pojo.SessionMngrResponse eu.esmo.sessionmng.controllers.NewAPIRest.add(eu.esmo.sessionmng.pojo.NewUpdateDataRequest,javax.servlet.http.HttpServletRequest)
2020-07-21 18:24:57,825 INFO org.springframework.web.servlet.handler.AbstractHandlerMethodMapping$MappingRegistry [main] Mapped "{[/sm/new/delete],methods=[POST],produces=[application/json]}" onto public eu.esmo.sessionmng.pojo.SessionMngrResponse eu.esmo.sessionmng.controllers.NewAPIRest.delete(eu.esmo.sessionmng.pojo.NewUpdateDataRequest)
2020-07-21 18:24:57,826 INFO org.springframework.web.servlet.handler.AbstractHandlerMethodMapping$MappingRegistry [main] Mapped "{[/sm/new/get],methods=[GET],produces=[application/json]}" onto public eu.esmo.sessionmng.pojo.SessionMngrResponse eu.esmo.sessionmng.controllers.NewAPIRest.getSessionData(java.lang.String,java.lang.String)
2020-07-21 18:24:57,828 INFO org.springframework.web.servlet.handler.AbstractHandlerMethodMapping$MappingRegistry [main] Mapped "{[/sm/new/startSession],methods=[POST],consumes=[application/x-www-form-urlencoded],produces=[application/json]}" onto public eu.esmo.sessionmng.pojo.SessionMngrResponse eu.esmo.sessionmng.controllers.NewAPIRest.startSession(java.lang.String)
2020-07-21 18:24:57,829 INFO org.springframework.web.servlet.handler.AbstractHandlerMethodMapping$MappingRegistry [main] Mapped "{[/sm/new/search],methods=[GET],produces=[application/json]}" onto public eu.esmo.sessionmng.pojo.SessionMngrResponse eu.esmo.sessionmng.controllers.NewAPIRest.searchData(java.lang.String,java.lang.String)
2020-07-21 18:24:57,831 INFO org.springframework.web.servlet.handler.AbstractHandlerMethodMapping$MappingRegistry [main] Mapped "{[/sm/getSessionData],methods=[GET],produces=[application/json]}" onto public eu.esmo.sessionmng.pojo.SessionMngrResponse eu.esmo.sessionmng.controllers.RestControllers.getSessionData(java.lang.String,java.lang.String)
2020-07-21 18:24:57,832 INFO org.springframework.web.servlet.handler.AbstractHandlerMethodMapping$MappingRegistry [main] Mapped "{[/sm/startSession],methods=[POST],consumes=[application/x-www-form-urlencoded],produces=[application/json]}" onto public eu.esmo.sessionmng.pojo.SessionMngrResponse eu.esmo.sessionmng.controllers.RestControllers.startSession()
2020-07-21 18:24:57,833 INFO org.springframework.web.servlet.handler.AbstractHandlerMethodMapping$MappingRegistry [main] Mapped "{[/sm/endSession],methods=[DELETE || GET],produces=[application/json]}" onto public eu.esmo.sessionmng.pojo.SessionMngrResponse eu.esmo.sessionmng.controllers.RestControllers.endSession(java.lang.String)
2020-07-21 18:24:57,834 INFO org.springframework.web.servlet.handler.AbstractHandlerMethodMapping$MappingRegistry [main] Mapped "{[/sm/updateSessionData],methods=[POST],consumes=[application/json],produces=[application/json]}" onto public eu.esmo.sessionmng.pojo.SessionMngrResponse eu.esmo.sessionmng.controllers.RestControllers.updateSessionData(eu.esmo.sessionmng.pojo.UpdateDataRequest,javax.servlet.http.HttpServletRequest)
2020-07-21 18:24:57,835 INFO org.springframework.web.servlet.handler.AbstractHandlerMethodMapping$MappingRegistry [main] Mapped "{[/sm/generateToken],methods=[GET],produces=[application/json]}" onto public eu.esmo.sessionmng.pojo.SessionMngrResponse eu.esmo.sessionmng.controllers.RestControllers.generateToken(java.lang.String,java.lang.String,java.lang.String,java.lang.String)
2020-07-21 18:24:57,836 INFO org.springframework.web.servlet.handler.AbstractHandlerMethodMapping$MappingRegistry [main] Mapped "{[/sm/validateToken],methods=[GET],produces=[application/json]}" onto public eu.esmo.sessionmng.pojo.SessionMngrResponse eu.esmo.sessionmng.controllers.RestControllers.validateToken(java.lang.String,javax.servlet.http.HttpServletRequest)
2020-07-21 18:24:57,837 INFO org.springframework.web.servlet.handler.AbstractHandlerMethodMapping$MappingRegistry [main] Mapped "{[/sm/getSession],methods=[GET],produces=[application/json]}" onto public eu.esmo.sessionmng.pojo.SessionMngrResponse eu.esmo.sessionmng.controllers.RestControllers.getSessionFromIdPUUUID(java.lang.String,java.lang.String)
2020-07-21 18:24:57,842 INFO org.springframework.web.servlet.handler.AbstractHandlerMethodMapping$MappingRegistry [main] Mapped "{[/swagger-resources/configuration/ui]}" onto public org.springframework.http.ResponseEntity<springfox.documentation.swagger.web.UiConfiguration> springfox.documentation.swagger.web.ApiResourceController.uiConfiguration()
2020-07-21 18:24:57,844 INFO org.springframework.web.servlet.handler.AbstractHandlerMethodMapping$MappingRegistry [main] Mapped "{[/swagger-resources]}" onto public org.springframework.http.ResponseEntity<java.util.List<springfox.documentation.swagger.web.SwaggerResource>> springfox.documentation.swagger.web.ApiResourceController.swaggerResources()
2020-07-21 18:24:57,845 INFO org.springframework.web.servlet.handler.AbstractHandlerMethodMapping$MappingRegistry [main] Mapped "{[/swagger-resources/configuration/security]}" onto public org.springframework.http.ResponseEntity<springfox.documentation.swagger.web.SecurityConfiguration> springfox.documentation.swagger.web.ApiResourceController.securityConfiguration()
2020-07-21 18:24:57,850 INFO org.springframework.web.servlet.handler.AbstractHandlerMethodMapping$MappingRegistry [main] Mapped "{[/error]}" onto public org.springframework.http.ResponseEntity<java.util.Map<java.lang.String, java.lang.Object>> org.springframework.boot.autoconfigure.web.servlet.error.BasicErrorController.error(javax.servlet.http.HttpServletRequest)
2020-07-21 18:24:57,862 INFO org.springframework.web.servlet.handler.AbstractHandlerMethodMapping$MappingRegistry [main] Mapped "{[/error],produces=[text/html]}" onto public org.springframework.web.servlet.ModelAndView org.springframework.boot.autoconfigure.web.servlet.error.BasicErrorController.errorHtml(javax.servlet.http.HttpServletRequest,javax.servlet.http.HttpServletResponse)
2020-07-21 18:24:58,438 INFO springfox.documentation.spring.web.PropertySourcedRequestMappingHandlerMapping [main] Mapped URL path [/v2/api-docs] onto method [public org.springframework.http.ResponseEntity<springfox.documentation.spring.web.json.Json> springfox.documentation.swagger2.web.Swagger2Controller.getDocumentation(java.lang.String,javax.servlet.http.HttpServletRequest)]
2020-07-21 18:24:58,605 INFO org.springframework.web.servlet.handler.AbstractUrlHandlerMapping [main] Mapped URL path [/**/favicon.ico] onto handler of type [class org.springframework.web.servlet.resource.ResourceHttpRequestHandler]
2020-07-21 18:24:58,975 INFO org.springframework.web.servlet.mvc.method.annotation.RequestMappingHandlerAdapter [main] Looking for @ControllerAdvice: org.springframework.web.context.support.GenericWebApplicationContext@69f1a286: startup date [Tue Jul 21 18:24:48 EEST 2020]; root of context hierarchy
2020-07-21 18:24:59,077 INFO org.springframework.web.servlet.handler.AbstractUrlHandlerMapping [main] Mapped URL path [/webjars/**] onto handler of type [class org.springframework.web.servlet.resource.ResourceHttpRequestHandler]
2020-07-21 18:24:59,077 INFO org.springframework.web.servlet.handler.AbstractUrlHandlerMapping [main] Mapped URL path [/**] onto handler of type [class org.springframework.web.servlet.resource.ResourceHttpRequestHandler]
2020-07-21 18:24:59,590 INFO org.springframework.boot.autoconfigure.security.servlet.UserDetailsServiceAutoConfiguration [main] 

Using generated security password: b29a7c8a-06b0-4779-98f2-516dd0d37e8d

2020-07-21 18:24:59,887 INFO org.springframework.security.web.DefaultSecurityFilterChain [main] Creating filter chain: Ant [pattern='/sm/**'], [org.springframework.security.web.context.request.async.WebAsyncManagerIntegrationFilter@297dff3a, org.springframework.security.web.context.SecurityContextPersistenceFilter@31c0c7e5, org.springframework.security.web.header.HeaderWriterFilter@5ae16aa, org.springframework.security.web.authentication.logout.LogoutFilter@60b4d934, eu.esmo.sessionmng.filters.HttpSignatureFilter@30437e9c, org.springframework.security.web.savedrequest.RequestCacheAwareFilter@78ea700f, org.springframework.security.web.servletapi.SecurityContextHolderAwareRequestFilter@cea67b1, org.springframework.security.web.authentication.AnonymousAuthenticationFilter@2e057637, org.springframework.security.web.session.SessionManagementFilter@3151277f, org.springframework.security.web.access.ExceptionTranslationFilter@320ba79f]
2020-07-21 18:25:00,509 INFO org.springframework.mock.web.MockServletContext [main] Initializing Spring FrameworkServlet ''
2020-07-21 18:25:00,510 INFO org.springframework.web.servlet.FrameworkServlet [main] FrameworkServlet '': initialization started
2020-07-21 18:25:00,569 INFO org.springframework.web.servlet.FrameworkServlet [main] FrameworkServlet '': initialization completed in 58 ms
2020-07-21 18:25:00,695 INFO org.springframework.context.support.DefaultLifecycleProcessor$LifecycleGroup [main] Starting beans in phase 2147483647
2020-07-21 18:25:00,696 INFO springfox.documentation.spring.web.plugins.DocumentationPluginsBootstrapper [main] Context refreshed
2020-07-21 18:25:00,765 INFO springfox.documentation.spring.web.plugins.DocumentationPluginsBootstrapper [main] Found 1 custom documentation plugin(s)
2020-07-21 18:25:00,828 INFO springfox.documentation.spring.web.scanners.ApiListingReferenceScanner [main] Scanning for api listing references
2020-07-21 18:25:01,240 INFO springfox.documentation.spring.web.readers.operation.CachingOperationNameGenerator [main] Generating unique operation named: getSessionDataUsingGET_1
2020-07-21 18:25:01,249 INFO springfox.documentation.spring.web.readers.operation.CachingOperationNameGenerator [main] Generating unique operation named: startSessionUsingPOST_1
2020-07-21 18:25:01,256 INFO springfox.documentation.spring.web.readers.operation.CachingOperationNameGenerator [main] Generating unique operation named: endSessionUsingDELETE_1
2020-07-21 18:25:01,260 INFO springfox.documentation.spring.web.readers.operation.CachingOperationNameGenerator [main] Generating unique operation named: endSessionUsingGET_1
2020-07-21 18:25:01,272 INFO springfox.documentation.spring.web.readers.operation.CachingOperationNameGenerator [main] Generating unique operation named: generateTokenUsingGET_1
2020-07-21 18:25:01,290 INFO springfox.documentation.spring.web.readers.operation.CachingOperationNameGenerator [main] Generating unique operation named: getSessionDataUsingGET_2
2020-07-21 18:25:01,307 INFO springfox.documentation.spring.web.readers.operation.CachingOperationNameGenerator [main] Generating unique operation named: getSessionFromIdPUUUIDUsingGET_1
2020-07-21 18:25:01,313 INFO springfox.documentation.spring.web.readers.operation.CachingOperationNameGenerator [main] Generating unique operation named: startSessionUsingPOST_2
2020-07-21 18:25:01,324 INFO springfox.documentation.spring.web.readers.operation.CachingOperationNameGenerator [main] Generating unique operation named: updateSessionDataUsingPOST_1
2020-07-21 18:25:01,331 INFO springfox.documentation.spring.web.readers.operation.CachingOperationNameGenerator [main] Generating unique operation named: validateTokenUsingGET_1
2020-07-21 18:25:01,373 INFO org.springframework.boot.StartupInfoLogger [main] Started TestNewRestControllers in 13.625 seconds (JVM running for 14.798)
2020-07-21 18:25:01,512 INFO eu.esmo.sessionmng.service.impl.HttpSignatureServiceImpl [main] HTTP Signature received: Signature keyId="7a9ba747ab5ac50e640a07d90611ce612b7bde775457f2e57b804517a87c813b",algorithm="rsa-sha256",headers="(request-target) host original-date digest x-request-id",signature="fY+LMcsBAyCto39QgA39EyKHnCkx1tZgJz/nD3akSVhWe4/BhLXxjoP9wQC25deqgCIDplXK+KZcSyJkFIudzUAGgaaQ36R7qSBaKZtUK51bkGHiyEKnz6kdCgIrUVe+83FVwqjKCxLbkRrq2fpXwCOTB+Ir4TGR3rU2A1TP6cY="
2020-07-21 18:25:01,518 INFO eu.esmo.sessionmng.service.impl.HttpSignatureServiceImpl [main] Extracted SHA-256 digest: mAURNaLjOhuQsuYC+EiBnwIbxS2p+GHVlJfd159tYl0=
2020-07-21 18:25:01,642 INFO eu.esmo.sessionmng.service.impl.MSConfigurationsServiceImplSTUB [main] found metadata
2020-07-21 18:25:01,651 INFO eu.esmo.sessionmng.service.impl.HttpSignatureServiceImpl [main] authorization:-->Signature keyId="7a9ba747ab5ac50e640a07d90611ce612b7bde775457f2e57b804517a87c813b",algorithm="rsa-sha256",headers="(request-target) host original-date digest x-request-id",signature="fY+LMcsBAyCto39QgA39EyKHnCkx1tZgJz/nD3akSVhWe4/BhLXxjoP9wQC25deqgCIDplXK+KZcSyJkFIudzUAGgaaQ36R7qSBaKZtUK51bkGHiyEKnz6kdCgIrUVe+83FVwqjKCxLbkRrq2fpXwCOTB+Ir4TGR3rU2A1TP6cY="
2020-07-21 18:25:01,651 INFO eu.esmo.sessionmng.service.impl.HttpSignatureServiceImpl [main] x-request-id:-->6d6bfb79-42fc-42e6-a249-9467f416905c
2020-07-21 18:25:01,652 INFO eu.esmo.sessionmng.service.impl.HttpSignatureServiceImpl [main] original-date:-->Tue, 21 Jul 2020 15:25:01 GMT
2020-07-21 18:25:01,652 INFO eu.esmo.sessionmng.service.impl.HttpSignatureServiceImpl [main] host:-->hostUrl
2020-07-21 18:25:01,653 INFO eu.esmo.sessionmng.service.impl.HttpSignatureServiceImpl [main] digest:-->SHA-256=mAURNaLjOhuQsuYC+EiBnwIbxS2p+GHVlJfd159tYl0=
2020-07-21 18:25:01,653 INFO eu.esmo.sessionmng.service.impl.HttpSignatureServiceImpl [main] Content-Type:-->application/x-www-form-urlencoded;charset=UTF-8
2020-07-21 18:25:01,654 INFO eu.esmo.sessionmng.service.impl.HttpSignatureServiceImpl [main] URI /sm/new/startSession
2020-07-21 18:25:01,654 INFO eu.esmo.sessionmng.service.impl.HttpSignatureServiceImpl [main] Method post
2020-07-21 18:25:01,655 INFO eu.esmo.sessionmng.service.impl.HttpSignatureServiceImpl [main] Tue, 21 Jul 2020 15:25:01 GMTOriginal-date
2020-07-21 18:25:01,937 INFO com.google.code.ssm.spring.SSMCache [main] Put '{}' under key sessionId to cache sessionCache
2020-07-21 18:25:01,962 INFO eu.esmo.sessionmng.controllers.NewAPIRest [main] created new session with Id:: sessionId
2020-07-21 18:25:02,085 INFO org.springframework.context.support.AbstractApplicationContext [Thread-5] Closing org.springframework.web.context.support.GenericWebApplicationContext@69f1a286: startup date [Tue Jul 21 18:24:48 EEST 2020]; root of context hierarchy
2020-07-21 18:25:02,091 INFO org.springframework.context.support.DefaultLifecycleProcessor$LifecycleGroup [Thread-5] Stopping beans in phase 2147483647
2020-07-21 18:25:02,102 INFO org.springframework.orm.jpa.AbstractEntityManagerFactoryBean [Thread-5] Closing JPA EntityManagerFactory for persistence unit 'default'
2020-07-21 18:25:02,103 INFO org.hibernate.tool.schema.internal.SchemaDropperImpl$DelayedDropActionImpl [Thread-5] HHH000477: Starting delayed drop of schema as part of SessionFactory shut-down'
2020-07-21 18:25:02,116 INFO com.zaxxer.hikari.HikariDataSource [Thread-5] HikariPool-1 - Shutdown initiated...
2020-07-21 18:25:02,150 INFO com.zaxxer.hikari.HikariDataSource [Thread-5] HikariPool-1 - Shutdown completed.
2020-07-21 18:25:23,198 INFO org.springframework.boot.StartupInfoLogger [main] Starting TestNewRestControllers on nikos with PID 53935 (started by nikos in /media/nikos/LENOVO/backup2/nikos/NetBeansProjects/session-mng)
2020-07-21 18:25:23,200 INFO org.springframework.boot.SpringApplication [main] The following profiles are active: test
2020-07-21 18:25:23,228 INFO org.springframework.context.support.AbstractApplicationContext [main] Refreshing org.springframework.web.context.support.GenericWebApplicationContext@7922d892: startup date [Tue Jul 21 18:25:23 EEST 2020]; root of context hierarchy
2020-07-21 18:25:24,447 INFO org.springframework.beans.factory.support.DefaultListableBeanFactory [main] Overriding bean definition for bean 'cacheManager' with a different definition: replacing [Root bean: class [null]; scope=; abstract=false; lazyInit=false; autowireMode=3; dependencyCheck=0; autowireCandidate=true; primary=false; factoryBeanName=memCacheConfig; factoryMethodName=cacheManager; initMethodName=null; destroyMethodName=(inferred); defined in class path resource [eu/esmo/sessionmng/MemCacheConfig.class]] with [Root bean: class [null]; scope=; abstract=false; lazyInit=false; autowireMode=3; dependencyCheck=0; autowireCandidate=true; primary=true; factoryBeanName=testMemCacheConfig; factoryMethodName=cacheManager; initMethodName=null; destroyMethodName=(inferred); defined in class path resource [eu/esmo/sessionmng/TestMemCacheConfig.class]]
2020-07-21 18:25:25,682 INFO org.springframework.context.support.PostProcessorRegistrationDelegate$BeanPostProcessorChecker [main] Bean 'org.springframework.transaction.annotation.ProxyTransactionManagementConfiguration' of type [org.springframework.transaction.annotation.ProxyTransactionManagementConfiguration$$EnhancerBySpringCGLIB$$beb76fc2] is not eligible for getting processed by all BeanPostProcessors (for example: not eligible for auto-proxying)
2020-07-21 18:25:25,928 INFO com.zaxxer.hikari.HikariDataSource [main] HikariPool-1 - Starting...
2020-07-21 18:25:26,248 INFO com.zaxxer.hikari.HikariDataSource [main] HikariPool-1 - Start completed.
2020-07-21 18:25:26,267 INFO org.springframework.jdbc.datasource.init.ScriptUtils [main] Executing SQL script from URL [file:/media/nikos/LENOVO/backup2/nikos/NetBeansProjects/session-mng/target/classes/schema.sql]
2020-07-21 18:25:26,278 INFO org.springframework.jdbc.datasource.init.ScriptUtils [main] Executed SQL script from URL [file:/media/nikos/LENOVO/backup2/nikos/NetBeansProjects/session-mng/target/classes/schema.sql] in 10 ms.
2020-07-21 18:25:26,290 INFO org.springframework.jdbc.datasource.init.ScriptUtils [main] Executing SQL script from URL [file:/media/nikos/LENOVO/backup2/nikos/NetBeansProjects/session-mng/target/classes/data.sql]
2020-07-21 18:25:26,305 INFO org.springframework.jdbc.datasource.init.ScriptUtils [main] Executed SQL script from URL [file:/media/nikos/LENOVO/backup2/nikos/NetBeansProjects/session-mng/target/classes/data.sql] in 14 ms.
2020-07-21 18:25:26,544 INFO org.springframework.orm.jpa.LocalContainerEntityManagerFactoryBean [main] Building JPA container EntityManagerFactory for persistence unit 'default'
2020-07-21 18:25:26,574 INFO org.hibernate.jpa.internal.util.LogHelper [main] HHH000204: Processing PersistenceUnitInfo [
	name: default
	...]
2020-07-21 18:25:26,723 INFO org.hibernate.Version [main] HHH000412: Hibernate Core {5.2.17.Final}
2020-07-21 18:25:26,726 INFO org.hibernate.cfg.Environment [main] HHH000206: hibernate.properties not found
2020-07-21 18:25:26,804 INFO org.hibernate.annotations.common.reflection.java.JavaReflectionManager [main] HCANN000001: Hibernate Commons Annotations {5.0.1.Final}
2020-07-21 18:25:27,060 INFO org.hibernate.dialect.Dialect [main] HHH000400: Using dialect: org.hibernate.dialect.H2Dialect
2020-07-21 18:25:28,060 INFO org.hibernate.tool.schema.internal.SchemaCreatorImpl [main] HHH000476: Executing import script 'org.hibernate.tool.schema.internal.exec.ScriptSourceInputNonExistentImpl@16d41725'
2020-07-21 18:25:28,066 INFO org.springframework.orm.jpa.AbstractEntityManagerFactoryBean [main] Initialized JPA EntityManagerFactory for persistence unit 'default'
2020-07-21 18:25:29,319 INFO org.hibernate.hql.internal.QueryTranslatorFactoryInitiator [main] HHH000397: Using ASTQueryTranslatorFactory
2020-07-21 18:25:29,600 ERROR eu.esmo.sessionmng.service.impl.SessionServiceImpl [main] null
2020-07-21 18:25:29,655 INFO eu.esmo.sessionmng.TestMemCacheConfig [main] injecting TEST CACHE MANAGER
2020-07-21 18:25:29,665 INFO com.google.code.ssm.config.DefaultAddressProvider [main] Defined values 127.0.0.1:11111 will be used as memcached addresses
2020-07-21 18:25:30,066 INFO com.google.code.ssm.config.DefaultAddressProvider [main] Defined values 127.0.0.1:11111 will be used as memcached addresses
2020-07-21 18:25:30,548 WARN org.springframework.boot.autoconfigure.orm.jpa.JpaBaseConfiguration$JpaWebConfiguration$JpaWebMvcConfiguration [main] spring.jpa.open-in-view is enabled by default. Therefore, database queries may be performed during view rendering. Explicitly configure spring.jpa.open-in-view to disable this warning
2020-07-21 18:25:30,661 INFO org.springframework.web.servlet.handler.AbstractHandlerMethodMapping$MappingRegistry [main] Mapped "{[/fakeSm/getSessionData],methods=[GET],produces=[application/json]}" onto public eu.esmo.sessionmng.pojo.SessionMngrResponse eu.esmo.sessionmng.controllers.FakeRestControllers.getSessionData(java.lang.String,java.lang.String)
2020-07-21 18:25:30,665 INFO org.springframework.web.servlet.handler.AbstractHandlerMethodMapping$MappingRegistry [main] Mapped "{[/fakeSm/startSession],methods=[POST],consumes=[application/x-www-form-urlencoded],produces=[application/json]}" onto public eu.esmo.sessionmng.pojo.SessionMngrResponse eu.esmo.sessionmng.controllers.FakeRestControllers.startSession()
2020-07-21 18:25:30,666 INFO org.springframework.web.servlet.handler.AbstractHandlerMethodMapping$MappingRegistry [main] Mapped "{[/fakeSm/endSession],methods=[DELETE || GET],produces=[application/json]}" onto public eu.esmo.sessionmng.pojo.SessionMngrResponse eu.esmo.sessionmng.controllers.FakeRestControllers.endSession(java.lang.String)
2020-07-21 18:25:30,668 INFO org.springframework.web.servlet.handler.AbstractHandlerMethodMapping$MappingRegistry [main] Mapped "{[/fakeSm/updateSessionData],methods=[POST],consumes=[application/json],produces=[application/json]}" onto public eu.esmo.sessionmng.pojo.SessionMngrResponse eu.esmo.sessionmng.controllers.FakeRestControllers.updateSessionData(eu.esmo.sessionmng.pojo.UpdateDataRequest,javax.servlet.http.HttpServletRequest)
2020-07-21 18:25:30,678 INFO org.springframework.web.servlet.handler.AbstractHandlerMethodMapping$MappingRegistry [main] Mapped "{[/fakeSm/generateToken],methods=[GET],produces=[application/json]}" onto public eu.esmo.sessionmng.pojo.SessionMngrResponse eu.esmo.sessionmng.controllers.FakeRestControllers.generateToken(java.lang.String,java.lang.String,java.lang.String,java.lang.String)
2020-07-21 18:25:30,679 INFO org.springframework.web.servlet.handler.AbstractHandlerMethodMapping$MappingRegistry [main] Mapped "{[/fakeSm/validateToken],methods=[GET],produces=[application/json]}" onto public eu.esmo.sessionmng.pojo.SessionMngrResponse eu.esmo.sessionmng.controllers.FakeRestControllers.validateToken(java.lang.String,javax.servlet.http.HttpServletRequest)
2020-07-21 18:25:30,681 INFO org.springframework.web.servlet.handler.AbstractHandlerMethodMapping$MappingRegistry [main] Mapped "{[/fakeSm/getSession],methods=[GET],produces=[application/json]}" onto public eu.esmo.sessionmng.pojo.SessionMngrResponse eu.esmo.sessionmng.controllers.FakeRestControllers.getSessionFromIdPUUUID(java.lang.String,java.lang.String)
2020-07-21 18:25:30,682 INFO org.springframework.web.servlet.handler.AbstractHandlerMethodMapping$MappingRegistry [main] Mapped "{[/loglevel/{loglevel}],methods=[POST]}" onto public java.lang.String eu.esmo.sessionmng.controllers.LoggerControllers.loglevel(java.lang.String,java.lang.String) throws java.lang.Exception
2020-07-21 18:25:30,685 INFO org.springframework.web.servlet.handler.AbstractHandlerMethodMapping$MappingRegistry [main] Mapped "{[/sm/new/get],methods=[GET],produces=[application/json]}" onto public eu.esmo.sessionmng.pojo.SessionMngrResponse eu.esmo.sessionmng.controllers.NewAPIRest.getSessionData(java.lang.String,java.lang.String)
2020-07-21 18:25:30,686 INFO org.springframework.web.servlet.handler.AbstractHandlerMethodMapping$MappingRegistry [main] Mapped "{[/sm/new/startSession],methods=[POST],consumes=[application/x-www-form-urlencoded],produces=[application/json]}" onto public eu.esmo.sessionmng.pojo.SessionMngrResponse eu.esmo.sessionmng.controllers.NewAPIRest.startSession(java.lang.String)
2020-07-21 18:25:30,688 INFO org.springframework.web.servlet.handler.AbstractHandlerMethodMapping$MappingRegistry [main] Mapped "{[/sm/new/search],methods=[GET],produces=[application/json]}" onto public eu.esmo.sessionmng.pojo.SessionMngrResponse eu.esmo.sessionmng.controllers.NewAPIRest.searchData(java.lang.String,java.lang.String)
2020-07-21 18:25:30,689 INFO org.springframework.web.servlet.handler.AbstractHandlerMethodMapping$MappingRegistry [main] Mapped "{[/sm/new/add],methods=[POST],consumes=[application/json],produces=[application/json]}" onto public eu.esmo.sessionmng.pojo.SessionMngrResponse eu.esmo.sessionmng.controllers.NewAPIRest.add(eu.esmo.sessionmng.pojo.NewUpdateDataRequest,javax.servlet.http.HttpServletRequest)
2020-07-21 18:25:30,690 INFO org.springframework.web.servlet.handler.AbstractHandlerMethodMapping$MappingRegistry [main] Mapped "{[/sm/new/delete],methods=[POST],produces=[application/json]}" onto public eu.esmo.sessionmng.pojo.SessionMngrResponse eu.esmo.sessionmng.controllers.NewAPIRest.delete(eu.esmo.sessionmng.pojo.NewUpdateDataRequest)
2020-07-21 18:25:30,693 INFO org.springframework.web.servlet.handler.AbstractHandlerMethodMapping$MappingRegistry [main] Mapped "{[/sm/getSessionData],methods=[GET],produces=[application/json]}" onto public eu.esmo.sessionmng.pojo.SessionMngrResponse eu.esmo.sessionmng.controllers.RestControllers.getSessionData(java.lang.String,java.lang.String)
2020-07-21 18:25:30,694 INFO org.springframework.web.servlet.handler.AbstractHandlerMethodMapping$MappingRegistry [main] Mapped "{[/sm/startSession],methods=[POST],consumes=[application/x-www-form-urlencoded],produces=[application/json]}" onto public eu.esmo.sessionmng.pojo.SessionMngrResponse eu.esmo.sessionmng.controllers.RestControllers.startSession()
2020-07-21 18:25:30,696 INFO org.springframework.web.servlet.handler.AbstractHandlerMethodMapping$MappingRegistry [main] Mapped "{[/sm/endSession],methods=[DELETE || GET],produces=[application/json]}" onto public eu.esmo.sessionmng.pojo.SessionMngrResponse eu.esmo.sessionmng.controllers.RestControllers.endSession(java.lang.String)
2020-07-21 18:25:30,697 INFO org.springframework.web.servlet.handler.AbstractHandlerMethodMapping$MappingRegistry [main] Mapped "{[/sm/updateSessionData],methods=[POST],consumes=[application/json],produces=[application/json]}" onto public eu.esmo.sessionmng.pojo.SessionMngrResponse eu.esmo.sessionmng.controllers.RestControllers.updateSessionData(eu.esmo.sessionmng.pojo.UpdateDataRequest,javax.servlet.http.HttpServletRequest)
2020-07-21 18:25:30,698 INFO org.springframework.web.servlet.handler.AbstractHandlerMethodMapping$MappingRegistry [main] Mapped "{[/sm/generateToken],methods=[GET],produces=[application/json]}" onto public eu.esmo.sessionmng.pojo.SessionMngrResponse eu.esmo.sessionmng.controllers.RestControllers.generateToken(java.lang.String,java.lang.String,java.lang.String,java.lang.String)
2020-07-21 18:25:30,699 INFO org.springframework.web.servlet.handler.AbstractHandlerMethodMapping$MappingRegistry [main] Mapped "{[/sm/validateToken],methods=[GET],produces=[application/json]}" onto public eu.esmo.sessionmng.pojo.SessionMngrResponse eu.esmo.sessionmng.controllers.RestControllers.validateToken(java.lang.String,javax.servlet.http.HttpServletRequest)
2020-07-21 18:25:30,701 INFO org.springframework.web.servlet.handler.AbstractHandlerMethodMapping$MappingRegistry [main] Mapped "{[/sm/getSession],methods=[GET],produces=[application/json]}" onto public eu.esmo.sessionmng.pojo.SessionMngrResponse eu.esmo.sessionmng.controllers.RestControllers.getSessionFromIdPUUUID(java.lang.String,java.lang.String)
2020-07-21 18:25:30,705 INFO org.springframework.web.servlet.handler.AbstractHandlerMethodMapping$MappingRegistry [main] Mapped "{[/swagger-resources/configuration/ui]}" onto public org.springframework.http.ResponseEntity<springfox.documentation.swagger.web.UiConfiguration> springfox.documentation.swagger.web.ApiResourceController.uiConfiguration()
2020-07-21 18:25:30,707 INFO org.springframework.web.servlet.handler.AbstractHandlerMethodMapping$MappingRegistry [main] Mapped "{[/swagger-resources]}" onto public org.springframework.http.ResponseEntity<java.util.List<springfox.documentation.swagger.web.SwaggerResource>> springfox.documentation.swagger.web.ApiResourceController.swaggerResources()
2020-07-21 18:25:30,708 INFO org.springframework.web.servlet.handler.AbstractHandlerMethodMapping$MappingRegistry [main] Mapped "{[/swagger-resources/configuration/security]}" onto public org.springframework.http.ResponseEntity<springfox.documentation.swagger.web.SecurityConfiguration> springfox.documentation.swagger.web.ApiResourceController.securityConfiguration()
2020-07-21 18:25:30,713 INFO org.springframework.web.servlet.handler.AbstractHandlerMethodMapping$MappingRegistry [main] Mapped "{[/error],produces=[text/html]}" onto public org.springframework.web.servlet.ModelAndView org.springframework.boot.autoconfigure.web.servlet.error.BasicErrorController.errorHtml(javax.servlet.http.HttpServletRequest,javax.servlet.http.HttpServletResponse)
2020-07-21 18:25:30,714 INFO org.springframework.web.servlet.handler.AbstractHandlerMethodMapping$MappingRegistry [main] Mapped "{[/error]}" onto public org.springframework.http.ResponseEntity<java.util.Map<java.lang.String, java.lang.Object>> org.springframework.boot.autoconfigure.web.servlet.error.BasicErrorController.error(javax.servlet.http.HttpServletRequest)
2020-07-21 18:25:31,202 INFO springfox.documentation.spring.web.PropertySourcedRequestMappingHandlerMapping [main] Mapped URL path [/v2/api-docs] onto method [public org.springframework.http.ResponseEntity<springfox.documentation.spring.web.json.Json> springfox.documentation.swagger2.web.Swagger2Controller.getDocumentation(java.lang.String,javax.servlet.http.HttpServletRequest)]
2020-07-21 18:25:31,334 INFO org.springframework.web.servlet.handler.AbstractUrlHandlerMapping [main] Mapped URL path [/**/favicon.ico] onto handler of type [class org.springframework.web.servlet.resource.ResourceHttpRequestHandler]
2020-07-21 18:25:31,637 INFO org.springframework.web.servlet.mvc.method.annotation.RequestMappingHandlerAdapter [main] Looking for @ControllerAdvice: org.springframework.web.context.support.GenericWebApplicationContext@7922d892: startup date [Tue Jul 21 18:25:23 EEST 2020]; root of context hierarchy
2020-07-21 18:25:31,724 INFO org.springframework.web.servlet.handler.AbstractUrlHandlerMapping [main] Mapped URL path [/webjars/**] onto handler of type [class org.springframework.web.servlet.resource.ResourceHttpRequestHandler]
2020-07-21 18:25:31,725 INFO org.springframework.web.servlet.handler.AbstractUrlHandlerMapping [main] Mapped URL path [/**] onto handler of type [class org.springframework.web.servlet.resource.ResourceHttpRequestHandler]
2020-07-21 18:25:32,200 INFO org.springframework.boot.autoconfigure.security.servlet.UserDetailsServiceAutoConfiguration [main] 

Using generated security password: eac279f3-7264-4c7d-a4d8-82bab0035a06

2020-07-21 18:25:32,397 INFO org.springframework.security.web.DefaultSecurityFilterChain [main] Creating filter chain: Ant [pattern='/sm/**'], [org.springframework.security.web.context.request.async.WebAsyncManagerIntegrationFilter@2e057637, org.springframework.security.web.context.SecurityContextPersistenceFilter@78ea700f, org.springframework.security.web.header.HeaderWriterFilter@3051e476, org.springframework.security.web.authentication.logout.LogoutFilter@41abee65, eu.esmo.sessionmng.filters.HttpSignatureFilter@762f8ff6, org.springframework.security.web.savedrequest.RequestCacheAwareFilter@3b1137b0, org.springframework.security.web.servletapi.SecurityContextHolderAwareRequestFilter@23d23d98, org.springframework.security.web.authentication.AnonymousAuthenticationFilter@30ed2a26, org.springframework.security.web.session.SessionManagementFilter@67f266bd, org.springframework.security.web.access.ExceptionTranslationFilter@5ffdd510]
2020-07-21 18:25:32,575 INFO org.springframework.mock.web.MockServletContext [main] Initializing Spring FrameworkServlet ''
2020-07-21 18:25:32,576 INFO org.springframework.web.servlet.FrameworkServlet [main] FrameworkServlet '': initialization started
2020-07-21 18:25:32,598 INFO org.springframework.web.servlet.FrameworkServlet [main] FrameworkServlet '': initialization completed in 21 ms
2020-07-21 18:25:32,635 INFO org.springframework.context.support.DefaultLifecycleProcessor$LifecycleGroup [main] Starting beans in phase 2147483647
2020-07-21 18:25:32,636 INFO springfox.documentation.spring.web.plugins.DocumentationPluginsBootstrapper [main] Context refreshed
2020-07-21 18:25:32,671 INFO springfox.documentation.spring.web.plugins.DocumentationPluginsBootstrapper [main] Found 1 custom documentation plugin(s)
2020-07-21 18:25:32,719 INFO springfox.documentation.spring.web.scanners.ApiListingReferenceScanner [main] Scanning for api listing references
2020-07-21 18:25:32,980 INFO springfox.documentation.spring.web.readers.operation.CachingOperationNameGenerator [main] Generating unique operation named: getSessionDataUsingGET_1
2020-07-21 18:25:32,988 INFO springfox.documentation.spring.web.readers.operation.CachingOperationNameGenerator [main] Generating unique operation named: startSessionUsingPOST_1
2020-07-21 18:25:32,992 INFO springfox.documentation.spring.web.readers.operation.CachingOperationNameGenerator [main] Generating unique operation named: endSessionUsingDELETE_1
2020-07-21 18:25:32,995 INFO springfox.documentation.spring.web.readers.operation.CachingOperationNameGenerator [main] Generating unique operation named: endSessionUsingGET_1
2020-07-21 18:25:33,001 INFO springfox.documentation.spring.web.readers.operation.CachingOperationNameGenerator [main] Generating unique operation named: generateTokenUsingGET_1
2020-07-21 18:25:33,004 INFO springfox.documentation.spring.web.readers.operation.CachingOperationNameGenerator [main] Generating unique operation named: getSessionDataUsingGET_2
2020-07-21 18:25:33,007 INFO springfox.documentation.spring.web.readers.operation.CachingOperationNameGenerator [main] Generating unique operation named: getSessionFromIdPUUUIDUsingGET_1
2020-07-21 18:25:33,010 INFO springfox.documentation.spring.web.readers.operation.CachingOperationNameGenerator [main] Generating unique operation named: startSessionUsingPOST_2
2020-07-21 18:25:33,014 INFO springfox.documentation.spring.web.readers.operation.CachingOperationNameGenerator [main] Generating unique operation named: updateSessionDataUsingPOST_1
2020-07-21 18:25:33,017 INFO springfox.documentation.spring.web.readers.operation.CachingOperationNameGenerator [main] Generating unique operation named: validateTokenUsingGET_1
2020-07-21 18:25:33,049 INFO org.springframework.boot.StartupInfoLogger [main] Started TestNewRestControllers in 10.55 seconds (JVM running for 11.706)
2020-07-21 18:25:33,139 INFO eu.esmo.sessionmng.service.impl.HttpSignatureServiceImpl [main] HTTP Signature received: Signature keyId="7a9ba747ab5ac50e640a07d90611ce612b7bde775457f2e57b804517a87c813b",algorithm="rsa-sha256",headers="(request-target) host original-date digest x-request-id",signature="L/5KCi/u9XKlk9X0RSHKV1l5c66SYT99huwBaZ4zswnrHMHdmwC93mCDiPominmbqiAbH84aOoA+ROtO7rqg+w8eibrd2xMxk4pDIOYt3/XIRtV1/ia2G2xnH4khQE516KhRexmejb863zj/Yg4OYKwtHOdkVsL5B+CDxvYuxgY="
2020-07-21 18:25:33,144 INFO eu.esmo.sessionmng.service.impl.HttpSignatureServiceImpl [main] Extracted SHA-256 digest: mAURNaLjOhuQsuYC+EiBnwIbxS2p+GHVlJfd159tYl0=
2020-07-21 18:25:33,208 INFO eu.esmo.sessionmng.service.impl.MSConfigurationsServiceImplSTUB [main] found metadata
2020-07-21 18:25:33,216 INFO eu.esmo.sessionmng.service.impl.HttpSignatureServiceImpl [main] authorization:-->Signature keyId="7a9ba747ab5ac50e640a07d90611ce612b7bde775457f2e57b804517a87c813b",algorithm="rsa-sha256",headers="(request-target) host original-date digest x-request-id",signature="L/5KCi/u9XKlk9X0RSHKV1l5c66SYT99huwBaZ4zswnrHMHdmwC93mCDiPominmbqiAbH84aOoA+ROtO7rqg+w8eibrd2xMxk4pDIOYt3/XIRtV1/ia2G2xnH4khQE516KhRexmejb863zj/Yg4OYKwtHOdkVsL5B+CDxvYuxgY="
2020-07-21 18:25:33,217 INFO eu.esmo.sessionmng.service.impl.HttpSignatureServiceImpl [main] x-request-id:-->8c467435-3510-485f-ae8d-a1c7fc855e09
2020-07-21 18:25:33,217 INFO eu.esmo.sessionmng.service.impl.HttpSignatureServiceImpl [main] original-date:-->Tue, 21 Jul 2020 15:25:33 GMT
2020-07-21 18:25:33,218 INFO eu.esmo.sessionmng.service.impl.HttpSignatureServiceImpl [main] host:-->hostUrl
2020-07-21 18:25:33,218 INFO eu.esmo.sessionmng.service.impl.HttpSignatureServiceImpl [main] digest:-->SHA-256=mAURNaLjOhuQsuYC+EiBnwIbxS2p+GHVlJfd159tYl0=
2020-07-21 18:25:33,218 INFO eu.esmo.sessionmng.service.impl.HttpSignatureServiceImpl [main] Content-Type:-->application/x-www-form-urlencoded;charset=UTF-8
2020-07-21 18:25:33,219 INFO eu.esmo.sessionmng.service.impl.HttpSignatureServiceImpl [main] URI /sm/new/startSession
2020-07-21 18:25:33,219 INFO eu.esmo.sessionmng.service.impl.HttpSignatureServiceImpl [main] Method post
2020-07-21 18:25:33,220 INFO eu.esmo.sessionmng.service.impl.HttpSignatureServiceImpl [main] Tue, 21 Jul 2020 15:25:33 GMTOriginal-date
2020-07-21 18:25:33,438 INFO com.google.code.ssm.spring.SSMCache [main] Put '{}' under key sessionId to cache sessionCache
2020-07-21 18:25:33,468 INFO eu.esmo.sessionmng.controllers.NewAPIRest [main] created new session with Id:: sessionId
2020-07-21 18:25:33,606 INFO org.springframework.context.support.AbstractApplicationContext [Thread-5] Closing org.springframework.web.context.support.GenericWebApplicationContext@7922d892: startup date [Tue Jul 21 18:25:23 EEST 2020]; root of context hierarchy
2020-07-21 18:25:33,612 INFO org.springframework.context.support.DefaultLifecycleProcessor$LifecycleGroup [Thread-5] Stopping beans in phase 2147483647
2020-07-21 18:25:33,624 INFO org.springframework.orm.jpa.AbstractEntityManagerFactoryBean [Thread-5] Closing JPA EntityManagerFactory for persistence unit 'default'
2020-07-21 18:25:33,624 INFO org.hibernate.tool.schema.internal.SchemaDropperImpl$DelayedDropActionImpl [Thread-5] HHH000477: Starting delayed drop of schema as part of SessionFactory shut-down'
2020-07-21 18:25:33,634 INFO com.zaxxer.hikari.HikariDataSource [Thread-5] HikariPool-1 - Shutdown initiated...
2020-07-21 18:25:33,643 INFO com.zaxxer.hikari.HikariDataSource [Thread-5] HikariPool-1 - Shutdown completed.
